<?xml version="1.0" encoding="UTF-8"?>
<testsuite name="GradleTest" tests="1" skipped="0" failures="0" errors="0" timestamp="2014-12-12T13:31:52" hostname="Mario-VAIO" time="0.01">
  <properties/>
  <testcase name="test" classname="GradleTest" time="0.01"/>
  <system-out><![CDATA[]]></system-out>
  <system-err><![CDATA[]]></system-err>
</testsuite>
